Determining if the pthread_create exist failed with the following output:
Change Dir: /home/buddy/Documents/GpuTemplateMatch/build/CMakeFiles/CMakeTmp

Run Build Command:"/usr/bin/make" "cmTC_cbe2a/fast"
/usr/bin/make -f CMakeFiles/cmTC_cbe2a.dir/build.make CMakeFiles/cmTC_cbe2a.dir/build
make[1]: Entering directory '/home/buddy/Documents/GpuTemplateMatch/build/CMakeFiles/CMakeTmp'
Building C object CMakeFiles/cmTC_cbe2a.dir/CheckSymbolExists.c.o
/usr/bin/cc    -fPIC    -o CMakeFiles/cmTC_cbe2a.dir/CheckSymbolExists.c.o   -c /home/buddy/Documents/GpuTemplateMatch/build/CMakeFiles/CMakeTmp/CheckSymbolExists.c
Linking C executable cmTC_cbe2a
/usr/local/bin/cmake -E cmake_link_script CMakeFiles/cmTC_cbe2a.dir/link.txt --verbose=1
/usr/bin/cc  -fPIC     CMakeFiles/cmTC_cbe2a.dir/CheckSymbolExists.c.o  -o cmTC_cbe2a -rdynamic 
CMakeFiles/cmTC_cbe2a.dir/CheckSymbolExists.c.o: In function `main':
CheckSymbolExists.c:(.text+0x1b): undefined reference to `pthread_create'
collect2: error: ld returned 1 exit status
CMakeFiles/cmTC_cbe2a.dir/build.make:97: recipe for target 'cmTC_cbe2a' failed
make[1]: *** [cmTC_cbe2a] Error 1
make[1]: Leaving directory '/home/buddy/Documents/GpuTemplateMatch/build/CMakeFiles/CMakeTmp'
Makefile:126: recipe for target 'cmTC_cbe2a/fast' failed
make: *** [cmTC_cbe2a/fast] Error 2

File /home/buddy/Documents/GpuTemplateMatch/build/CMakeFiles/CMakeTmp/CheckSymbolExists.c:
/* */
#include <pthread.h>

int main(int argc, char** argv)
{
  (void)argv;
#ifndef pthread_create
  return ((int*)(&pthread_create))[argc];
#else
  (void)argc;
  return 0;
#endif
}

Determining if the function pthread_create exists in the pthreads failed with the following output:
Change Dir: /home/buddy/Documents/GpuTemplateMatch/build/CMakeFiles/CMakeTmp

Run Build Command:"/usr/bin/make" "cmTC_cb667/fast"
/usr/bin/make -f CMakeFiles/cmTC_cb667.dir/build.make CMakeFiles/cmTC_cb667.dir/build
make[1]: Entering directory '/home/buddy/Documents/GpuTemplateMatch/build/CMakeFiles/CMakeTmp'
Building C object CMakeFiles/cmTC_cb667.dir/CheckFunctionExists.c.o
/usr/bin/cc    -fPIC -DCHECK_FUNCTION_EXISTS=pthread_create   -o CMakeFiles/cmTC_cb667.dir/CheckFunctionExists.c.o   -c /usr/local/share/cmake-3.6/Modules/CheckFunctionExists.c
Linking C executable cmTC_cb667
/usr/local/bin/cmake -E cmake_link_script CMakeFiles/cmTC_cb667.dir/link.txt --verbose=1
/usr/bin/cc  -fPIC -DCHECK_FUNCTION_EXISTS=pthread_create    CMakeFiles/cmTC_cb667.dir/CheckFunctionExists.c.o  -o cmTC_cb667 -rdynamic -lpthreads 
/usr/bin/ld: cannot find -lpthreads
collect2: error: ld returned 1 exit status
CMakeFiles/cmTC_cb667.dir/build.make:97: recipe for target 'cmTC_cb667' failed
make[1]: *** [cmTC_cb667] Error 1
make[1]: Leaving directory '/home/buddy/Documents/GpuTemplateMatch/build/CMakeFiles/CMakeTmp'
Makefile:126: recipe for target 'cmTC_cb667/fast' failed
make: *** [cmTC_cb667/fast] Error 2


